[21:23:19] [main/INFO]: [OptiFine] (Reflector) Class not present: net.minecraftforge.eventbus.api.Event$Result
[21:23:19] [main/INFO]: [OptiFine] (Reflector) Method not present: net.minecraftforge.common.extensions.IForgeBlockState.hasTileEntity
[21:23:19] [main/INFO]: [OptiFine] (Reflector) Class not present: net.minecraftforge.common.extensions.IForgeEntity
[21:23:19] [main/INFO]: [OptiFine] (Reflector) Class not present: net.minecraftforge.fml.CrashReportExtender
[21:23:20] [main/INFO]: [OptiFine] (Reflector) Method not present: net.minecraft.tags.ItemTags.createOptional
[21:23:24] [main/INFO]: [OptiFine] (Reflector) Class not present: net.minecraftforge.client.ForgeHooksClient
[21:23:24] [main/INFO]: Environment: authHost='https://authserver.mojang.com', accountsHost='https://api.mojang.com', sessionHost='https://sessionserver.mojang.com', servicesHost='https://api.minecraftservices.com', name='PROD'
[21:23:25] [main/INFO]: Setting user: Player93
[21:23:25] [main/INFO]: [OptiFine] (Reflector) Class not present: net.minecraftforge.client.settings.KeyConflictContext
[21:23:25] [main/INFO]: [OptiFine] (Reflector) Class not present: net.minecraftforge.client.settings.KeyModifier
[21:23:25] [main/INFO]: [OptiFine] (Reflector) Class not present: net.minecraft.launchwrapper.Launch
[21:23:25] [main/INFO]: Backend library: LWJGL version 3.2.1 build 12
[21:23:25] [main/INFO]: [STDERR]: [LWJGL] [ERROR] Incompatible Java and native library versions detected.
Possible reasons:
	a) -Djava.library.path is set to a folder containing shared libraries of an older LWJGL version.
	b) The classpath contains jar files of an older LWJGL version.
Possible solutions:
	a) Make sure to not set -Djava.library.path (it is not needed for developing with LWJGL 3) or make
	   sure the folder it points to contains the shared libraries of the correct LWJGL version.
	b) Check the classpath and make sure to only have jar files of the same LWJGL version in it.
[21:23:25] [main/INFO]: [STDERR]: [LWJGL] [ERROR] Incompatible Java and native library versions detected.
Possible reasons:
	a) -Djava.library.path is set to a folder containing shared libraries of an older LWJGL version.
	b) The classpath contains jar files of an older LWJGL version.
Possible solutions:
	a) Make sure to not set -Djava.library.path (it is not needed for developing with LWJGL 3) or make
	   sure the folder it points to contains the shared libraries of the correct LWJGL version.
	b) Check the classpath and make sure to only have jar files of the same LWJGL version in it.
[21:23:25] [main/INFO]: [STDERR]: [LWJGL] [ERROR] Incompatible Java and native library versions detected.
Possible reasons:
	a) -Djava.library.path is set to a folder containing shared libraries of an older LWJGL version.
	b) The classpath contains jar files of an older LWJGL version.
Possible solutions:
	a) Make sure to not set -Djava.library.path (it is not needed for developing with LWJGL 3) or make
	   sure the folder it points to contains the shared libraries of the correct LWJGL version.
	b) Check the classpath and make sure to only have jar files of the same LWJGL version in it.
[21:23:25] [main/INFO]: [OptiFine] (Reflector) Method not present: net.minecraftforge.fml.loading.progress.EarlyProgressVisualization.handOffWindow
[21:23:26] [main/INFO]: [STDERR]: [LWJGL] [ERROR] Incompatible Java and native library versions detected.
Possible reasons:
	a) -Djava.library.path is set to a folder containing shared libraries of an older LWJGL version.
	b) The classpath contains jar files of an older LWJGL version.
Possible solutions:
	a) Make sure to not set -Djava.library.path (it is not needed for developing with LWJGL 3) or make
	   sure the folder it points to contains the shared libraries of the correct LWJGL version.
	b) Check the classpath and make sure to only have jar files of the same LWJGL version in it.
[21:23:26] [main/INFO]: [STDERR]: [LWJGL] [ERROR] Incompatible Java and native library versions detected.
Possible reasons:
	a) -Djava.library.path is set to a folder containing shared libraries of an older LWJGL version.
	b) The classpath contains jar files of an older LWJGL version.
Possible solutions:
	a) Make sure to not set -Djava.library.path (it is not needed for developing with LWJGL 3) or make
	   sure the folder it points to contains the shared libraries of the correct LWJGL version.
	b) Check the classpath and make sure to only have jar files of the same LWJGL version in it.
[21:23:26] [main/INFO]: [OptiFine] 
[21:23:26] [main/INFO]: [OptiFine] OptiFine_1.16.5_HD_U_G8
[21:23:26] [main/INFO]: [OptiFine] (Reflector) Class not present: optifine.OptiFineResourceLocator
[21:23:26] [main/INFO]: [OptiFine] Build: null
[21:23:26] [main/INFO]: [OptiFine] OS: Windows 11 (amd64) version 10.0
[21:23:26] [main/INFO]: [OptiFine] Java: 17.0.12, Amazon.com Inc.
[21:23:26] [main/INFO]: [OptiFine] VM: OpenJDK 64-Bit Server VM (mixed mode, sharing), Amazon.com Inc.
[21:23:26] [main/INFO]: [OptiFine] LWJGL: 3.3.0 Win32 WGL EGL VisualC DLL
[21:23:26] [main/INFO]: [OptiFine] OpenGL: Intel(R) UHD Graphics 630, version 4.6.0 - Build 31.0.101.2115, Intel
[21:23:26] [main/INFO]: [OptiFine] OpenGL Version: 4.6.0
[21:23:26] [main/INFO]: [OptiFine] OpenGL Fancy fog: Not available (GL_NV_fog_distance)
[21:23:26] [main/INFO]: [OptiFine] Maximum texture size: 16384x16384
[21:23:26] [VersionCheck/INFO]: [OptiFine] Checking for new version
[21:23:26] [main/INFO]: [Shaders] OpenGL Version: 4.6.0 - Build 31.0.101.2115
[21:23:26] [main/INFO]: [Shaders] Vendor:  Intel
[21:23:26] [main/INFO]: [Shaders] Renderer: Intel(R) UHD Graphics 630
[21:23:26] [main/INFO]: [Shaders] Capabilities:  2.0  2.1  3.0  3.2  4.0 
[21:23:26] [main/INFO]: [Shaders] GL_MAX_DRAW_BUFFERS: 8
[21:23:26] [main/INFO]: [Shaders] GL_MAX_COLOR_ATTACHMENTS_EXT: 8
[21:23:26] [main/INFO]: [Shaders] GL_MAX_TEXTURE_IMAGE_UNITS: 32
[21:23:26] [main/INFO]: [Shaders] Load shaders configuration.
[21:23:26] [main/INFO]: [Shaders] Save shaders configuration.
[21:23:26] [main/INFO]: [Shaders] Shaders can not be loaded, Fabulous Graphics is enabled.
[21:23:26] [main/INFO]: [Shaders] No shaderpack loaded.
[21:23:26] [main/INFO]: [OptiFine] (Reflector) Class not present: net.minecraftforge.fml.common.Loader
[21:23:26] [VersionCheck/INFO]: [OptiFine] Version found: G7
[21:23:26] [main/WARN]: [OptiFine] java.lang.ClassNotFoundException: sun.misc.SharedSecrets
[21:23:26] [main/WARN]: [OptiFine] java.lang.ClassNotFoundException: jdk.internal.misc.SharedSecrets
[21:23:26] [main/WARN]: [OptiFine] java.lang.ClassNotFoundException: sun.misc.VM
[21:23:26] [main/WARN]: [OptiFine] java.lang.reflect.InaccessibleObjectException: Unable to make public static long jdk.internal.misc.VM.maxDirectMemory() accessible: module java.base does not "exports jdk.internal.misc" to unnamed module @53d8d10a
[21:23:27] [main/INFO]: [OptiFine] (Reflector) Class not present: net.minecraftforge.client.ItemModelMesherForge
[21:23:27] [main/INFO]: [OptiFine] (Reflector) Class not present: net.minecraftforge.client.model.pipeline.ForgeBlockModelRenderer
[21:23:27] [main/WARN]: ERROR : Couldn't load Narrator library : Unable to load library 'SAPIWrapper_x64': Can't obtain InputStream for win32-x86-64/SAPIWrapper_x64.dll
ERROR : Couldn't load Narrator library : Unable to load library 'SAPIWrapper_x86': Can't obtain InputStream for win32-x86-64/SAPIWrapper_x86.dll

[21:23:27] [main/INFO]: [OptiFine] (Reflector) Class not present: net.minecraftforge.fml.client.gui.screen.ModListScreen
[21:23:27] [main/INFO]: [OptiFine] (Reflector) Class not present: net.minecraftforge.client.gui.NotificationModUpdateScreen
[21:23:27] [main/INFO]: Reloading ResourceManager: Default
[21:23:27] [main/INFO]: [OptiFine] *** Reloading textures ***
[21:23:27] [main/INFO]: [OptiFine] Resource packs: Default
[21:23:28] [Worker-Main-9/INFO]: [OptiFine] (Reflector) Class not present: net.minecraftforge.client.model.ModelLoaderRegistry
[21:23:28] [main/INFO]: [OptiFine] (Reflector) Method not present: net.minecraft.client.renderer.RenderTypeLookup.canRenderInLayer
[21:23:28] [main/INFO]: [OptiFine] *** Reflector Forge ***
[21:23:28] [main/INFO]: [OptiFine] (Reflector) Class not present: mods.betterfoliage.client.BetterFoliageClient
[21:23:28] [main/INFO]: [OptiFine] (Reflector) Class not present: net.minecraftforge.fml.BrandingControl
[21:23:28] [main/INFO]: [OptiFine] (Reflector) Class not present: net.minecraftforge.common.capabilities.ICapabilityProvider
[21:23:28] [main/INFO]: [OptiFine] (Reflector) Class not present: net.minecraftforge.common.capabilities.CapabilityProvider
[21:23:28] [main/INFO]: [OptiFine] (Reflector) Class not present: net.minecraftforge.fml.client.ClientModLoader
[21:23:28] [main/INFO]: [OptiFine] (Reflector) Class not present: net.minecraftforge.event.world.ChunkDataEvent$Save
[21:23:28] [main/INFO]: [OptiFine] (Reflector) Class not present: net.minecraftforge.event.world.ChunkEvent$Load
[21:23:28] [main/INFO]: [OptiFine] (Reflector) Class not present: net.minecraftforge.event.world.ChunkEvent$Unload
[21:23:28] [main/INFO]: [OptiFine] (Reflector) Class not present: net.minecraftforge.fml.client.ClientHooks
[21:23:28] [main/INFO]: [OptiFine] (Reflector) Class not present: net.minecraftforge.client.event.GuiScreenEvent$DrawScreenEvent$Pre
[21:23:28] [main/INFO]: [OptiFine] (Reflector) Class not present: net.minecraftforge.client.event.GuiScreenEvent$DrawScreenEvent$Post
[21:23:28] [main/INFO]: [OptiFine] (Reflector) Class not present: net.minecraftforge.event.entity.EntityLeaveWorldEvent
[21:23:28] [main/INFO]: [OptiFine] (Reflector) Class not present: net.minecraftforge.client.event.EntityViewRenderEvent$CameraSetup
[21:23:28] [main/INFO]: [OptiFine] (Reflector) Class not present: net.minecraftforge.client.event.EntityViewRenderEvent$FogColors
[21:23:28] [main/INFO]: [OptiFine] (Reflector) Class not present: net.minecraftforge.client.event.EntityViewRenderEvent$RenderFogEvent
[21:23:28] [main/INFO]: [OptiFine] (Reflector) Class not present: net.minecraftforge.event.entity.EntityJoinWorldEvent
[21:23:28] [main/INFO]: [OptiFine] (Reflector) Method not present: net.minecraftforge.eventbus.api.Event.isCanceled
[21:23:28] [main/INFO]: [OptiFine] (Reflector) Method not present: net.minecraftforge.eventbus.api.Event.getResult
[21:23:28] [main/INFO]: [OptiFine] (Reflector) Class not present: net.minecraftforge.eventbus.api.IEventBus
[21:23:28] [main/INFO]: [OptiFine] (Reflector) Class not present: net.minecraftforge.common.extensions.IForgeBlock
[21:23:28] [main/INFO]: [OptiFine] (Reflector) Method not present: net.minecraft.client.renderer.BlockModelShapes.getTexture
[21:23:28] [main/INFO]: [OptiFine] (Reflector) Method not present: net.minecraftforge.common.extensions.IForgeBlockState.addDestroyEffects
[21:23:28] [main/INFO]: [OptiFine] (Reflector) Method not present: net.minecraftforge.common.extensions.IForgeBlockState.addHitEffects
[21:23:28] [main/INFO]: [OptiFine] (Reflector) Method not present: net.minecraftforge.common.extensions.IForgeBlockState.getLightValue
[21:23:28] [main/INFO]: [OptiFine] (Reflector) Method not present: net.minecraftforge.common.extensions.IForgeBlockState.getSoundType
[21:23:28] [main/INFO]: [OptiFine] (Reflector) Method not present: net.minecraftforge.common.extensions.IForgeBlockState.getStateAtViewpoint
[21:23:28] [main/INFO]: [OptiFine] (Reflector) Method not present: net.minecraftforge.common.extensions.IForgeBlockState.isAir
[21:23:28] [main/INFO]: [OptiFine] (Reflector) Method not present: net.minecraftforge.common.extensions.IForgeBlockState.shouldDisplayFluidOverlay
[21:23:28] [main/INFO]: [OptiFine] (Reflector) Class not present: net.minecraftforge.common.extensions.IForgeFluid
[21:23:28] [main/INFO]: [OptiFine] (Reflector) Class not present: net.minecraftforge.fluids.FluidAttributes
[21:23:28] [main/INFO]: [OptiFine] (Reflector) Method not present: net.minecraft.entity.EntityType.getTags
[21:23:28] [main/INFO]: [OptiFine] (Reflector) Class not present: net.minecraftforge.event.ForgeEventFactory
[21:23:28] [Worker-Main-12/INFO]: [OptiFine] Multitexture: false
[21:23:28] [Worker-Main-13/INFO]: [OptiFine] Multitexture: false
[21:23:28] [Worker-Main-14/INFO]: [OptiFine] Multitexture: false
[21:23:28] [main/INFO]: [OptiFine] (Reflector) Method not present: net.minecraft.fluid.Fluid.getTags
[21:23:28] [main/INFO]: [OptiFine] (Reflector) Class not present: net.minecraftforge.common.ForgeHooks
[21:23:28] [main/INFO]: [OptiFine] (Reflector) Class not present: net.minecraftforge.common.ForgeConfig
[21:23:28] [main/INFO]: [OptiFine] (Reflector) Class not present: net.minecraftforge.common.ForgeConfig$Client
[21:23:28] [main/INFO]: [OptiFine] (Reflector) Class not present: net.minecraftforge.common.ForgeConfigSpec
[21:23:28] [main/INFO]: [OptiFine] (Reflector) Class not present: net.minecraftforge.common.ForgeConfigSpec$ConfigValue
[21:23:28] [main/INFO]: [OptiFine] (Reflector) Method not present: net.minecraft.world.chunk.IChunk.getWorldForge
[21:23:28] [main/INFO]: [OptiFine] (Reflector) Class not present: net.minecraftforge.common.extensions.IForgeItem
[21:23:28] [main/INFO]: [OptiFine] (Reflector) Class not present: net.minecraftforge.common.extensions.IForgeItemStack
[21:23:28] [main/INFO]: [OptiFine] (Reflector) Class not present: net.minecraftforge.fml.ForgeI18n
[21:23:28] [main/INFO]: [OptiFine] (Reflector) Method not present: net.minecraft.client.settings.KeyBinding.setKeyConflictContext
[21:23:28] [main/INFO]: [OptiFine] (Reflector) Method not present: net.minecraft.client.settings.KeyBinding.setKeyModifierAndCode
[21:23:28] [main/INFO]: [OptiFine] (Reflector) Method not present: net.minecraft.client.settings.KeyBinding.getKeyModifier
[21:23:28] [main/INFO]: [OptiFine] (Reflector) Class not present: net.minecraftforge.common.extensions.IForgeEffectInstance
[21:23:28] [main/INFO]: [OptiFine] (Reflector) Class not present: net.minecraftforge.registries.ForgeRegistryEntry
[21:23:28] [main/INFO]: [OptiFine] (Reflector) Method not present: net.minecraft.client.renderer.RenderTypeLookup.canRenderInLayer
[21:23:28] [main/INFO]: [OptiFine] (Reflector) Constructor not present: net.minecraft.world.server.Ticket, params: class net.minecraft.world.server.TicketType, int, class java.lang.Object, boolean
[21:23:28] [main/INFO]: [OptiFine] (Reflector) Method not present: net.minecraft.world.server.Ticket.isForceTicks
[21:23:28] [main/INFO]: [OptiFine] (Reflector) Class not present: net.minecraftforge.common.extensions.IForgeTileEntity
[21:23:28] [main/INFO]: [OptiFine] (Reflector) Method not present: net.minecraft.client.world.DimensionRenderInfo.getCloudRenderHandler
[21:23:28] [main/INFO]: [OptiFine] (Reflector) Method not present: net.minecraft.client.world.DimensionRenderInfo.getSkyRenderHandler
[21:23:28] [main/INFO]: [OptiFine] (Reflector) Method not present: net.minecraft.client.world.DimensionRenderInfo.getWeatherParticleRenderHandler
[21:23:28] [main/INFO]: [OptiFine] (Reflector) Method not present: net.minecraft.client.world.DimensionRenderInfo.getWeatherRenderHandler
[21:23:28] [main/INFO]: [OptiFine] (Reflector) Class not present: net.minecraftforge.client.IRenderHandler
[21:23:28] [main/INFO]: [OptiFine] (Reflector) Class not present: net.minecraftforge.client.model.pipeline.LightUtil
[21:23:28] [main/INFO]: [OptiFine] (Reflector) Class not present: net.minecraftforge.common.MinecraftForge
[21:23:28] [main/INFO]: [OptiFine] (Reflector) Class not present: net.minecraftforge.client.MinecraftForgeClient
[21:23:28] [main/INFO]: [OptiFine] (Reflector) Class not present: net.minecraftforge.fml.common.ModContainer
[21:23:28] [main/INFO]: [OptiFine] (Reflector) Class not present: net.minecraftforge.entity.PartEntity
[21:23:28] [main/INFO]: [OptiFine] (Reflector) Class not present: net.minecraftforge.event.entity.PlaySoundAtEntityEvent
[21:23:28] [main/INFO]: [OptiFine] (Reflector) Class not present: net.minecraftforge.client.event.RenderBlockOverlayEvent$OverlayType
[21:23:28] [main/INFO]: [OptiFine] (Reflector) Class not present: net.minecraftforge.fml.client.registry.RenderingRegistry
[21:23:28] [main/INFO]: [OptiFine] (Reflector) Class not present: net.minecraftforge.client.event.RenderGameOverlayEvent$BossInfo
[21:23:28] [main/INFO]: [OptiFine] (Reflector) Class not present: net.minecraftforge.client.event.RenderItemInFrameEvent
[21:23:28] [main/INFO]: [OptiFine] (Reflector) Class not present: net.minecraftforge.client.event.RenderLivingEvent$Pre
[21:23:28] [main/INFO]: [OptiFine] (Reflector) Class not present: net.minecraftforge.client.event.RenderLivingEvent$Post
[21:23:28] [main/INFO]: [OptiFine] (Reflector) Class not present: net.minecraftforge.client.event.RenderNameplateEvent
[21:23:28] [main/INFO]: [OptiFine] (Reflector) Class not present: net.minecraftforge.client.event.ScreenshotEvent
[21:23:28] [main/INFO]: [OptiFine] (Reflector) Class not present: net.minecraftforge.fml.server.ServerLifecycleHooks
[21:23:28] [main/INFO]: [OptiFine] (Reflector) Class not present: net.minecraftforge.event.world.WorldEvent$Load
[21:23:28] [main/INFO]: [OptiFine] *** Reflector Vanilla ***
[21:23:28] [Realms Notification Availability checker #1/INFO]: Could not authorize you against Realms server: Invalid session id
[21:23:37] [Worker-Main-9/INFO]: [OptiFine] Multitexture: false
[21:23:37] [Worker-Main-9/INFO]: [OptiFine] ConnectedTextures: optifine/ctm/default/00_glass_white/glass_pane_white.properties
[21:23:37] [Worker-Main-9/INFO]: [OptiFine] ConnectedTextures: optifine/ctm/default/00_glass_white/glass_white.properties
[21:23:37] [Worker-Main-9/INFO]: [OptiFine] ConnectedTextures: optifine/ctm/default/01_glass_orange/glass_orange.properties
[21:23:37] [Worker-Main-9/INFO]: [OptiFine] ConnectedTextures: optifine/ctm/default/01_glass_orange/glass_pane_orange.properties
[21:23:37] [Worker-Main-9/INFO]: [OptiFine] ConnectedTextures: optifine/ctm/default/02_glass_magenta/glass_magenta.properties
[21:23:37] [Worker-Main-9/INFO]: [OptiFine] ConnectedTextures: optifine/ctm/default/02_glass_magenta/glass_pane_magenta.properties
[21:23:37] [Worker-Main-9/INFO]: [OptiFine] ConnectedTextures: optifine/ctm/default/03_glass_light_blue/glass_light_blue.properties
[21:23:37] [Worker-Main-9/INFO]: [OptiFine] ConnectedTextures: optifine/ctm/default/03_glass_light_blue/glass_pane_light_blue.properties
[21:23:37] [Worker-Main-9/INFO]: [OptiFine] ConnectedTextures: optifine/ctm/default/04_glass_yellow/glass_pane_yellow.properties
[21:23:37] [Worker-Main-9/INFO]: [OptiFine] ConnectedTextures: optifine/ctm/default/04_glass_yellow/glass_yellow.properties
[21:23:37] [Worker-Main-9/INFO]: [OptiFine] ConnectedTextures: optifine/ctm/default/05_glass_lime/glass_lime.properties
[21:23:37] [Worker-Main-9/INFO]: [OptiFine] ConnectedTextures: optifine/ctm/default/05_glass_lime/glass_pane_lime.properties
[21:23:37] [Worker-Main-9/INFO]: [OptiFine] ConnectedTextures: optifine/ctm/default/06_glass_pink/glass_pane_pink.properties
[21:23:38] [Worker-Main-9/INFO]: [OptiFine] ConnectedTextures: optifine/ctm/default/06_glass_pink/glass_pink.properties
[21:23:38] [Worker-Main-9/INFO]: [OptiFine] ConnectedTextures: optifine/ctm/default/07_glass_gray/glass_gray.properties
[21:23:38] [Worker-Main-9/INFO]: [OptiFine] ConnectedTextures: optifine/ctm/default/07_glass_gray/glass_pane_gray.properties
[21:23:38] [Worker-Main-9/INFO]: [OptiFine] ConnectedTextures: optifine/ctm/default/08_glass_light_gray/glass_light_gray.properties
[21:23:38] [Worker-Main-9/INFO]: [OptiFine] ConnectedTextures: optifine/ctm/default/08_glass_light_gray/glass_pane_light_gray.properties
[21:23:38] [Worker-Main-9/INFO]: [OptiFine] ConnectedTextures: optifine/ctm/default/09_glass_cyan/glass_cyan.properties
[21:23:38] [Worker-Main-9/INFO]: [OptiFine] ConnectedTextures: optifine/ctm/default/09_glass_cyan/glass_pane_cyan.properties
[21:23:38] [Worker-Main-9/INFO]: [OptiFine] ConnectedTextures: optifine/ctm/default/10_glass_purple/glass_pane_purple.properties
[21:23:38] [Worker-Main-9/INFO]: [OptiFine] ConnectedTextures: optifine/ctm/default/10_glass_purple/glass_purple.properties
[21:23:38] [Worker-Main-9/INFO]: [OptiFine] ConnectedTextures: optifine/ctm/default/11_glass_blue/glass_blue.properties
[21:23:38] [Worker-Main-9/INFO]: [OptiFine] ConnectedTextures: optifine/ctm/default/11_glass_blue/glass_pane_blue.properties
[21:23:38] [Worker-Main-9/INFO]: [OptiFine] ConnectedTextures: optifine/ctm/default/12_glass_brown/glass_brown.properties
[21:23:38] [Worker-Main-9/INFO]: [OptiFine] ConnectedTextures: optifine/ctm/default/12_glass_brown/glass_pane_brown.properties
[21:23:38] [Worker-Main-9/INFO]: [OptiFine] ConnectedTextures: optifine/ctm/default/13_glass_green/glass_green.properties
[21:23:38] [Worker-Main-9/INFO]: [OptiFine] ConnectedTextures: optifine/ctm/default/13_glass_green/glass_pane_green.properties
[21:23:38] [Worker-Main-9/INFO]: [OptiFine] ConnectedTextures: optifine/ctm/default/14_glass_red/glass_pane_red.properties
[21:23:38] [Worker-Main-9/INFO]: [OptiFine] ConnectedTextures: optifine/ctm/default/14_glass_red/glass_red.properties
[21:23:38] [Worker-Main-9/INFO]: [OptiFine] ConnectedTextures: optifine/ctm/default/15_glass_black/glass_black.properties
[21:23:38] [Worker-Main-9/INFO]: [OptiFine] ConnectedTextures: optifine/ctm/default/15_glass_black/glass_pane_black.properties
[21:23:38] [Worker-Main-9/INFO]: [OptiFine] ConnectedTextures: optifine/ctm/default/20_glass/glass.properties
[21:23:38] [Worker-Main-9/INFO]: [OptiFine] ConnectedTextures: optifine/ctm/default/20_glass/glass_pane.properties
[21:23:38] [Worker-Main-9/INFO]: [OptiFine] ConnectedTextures: optifine/ctm/default/30_bookshelf/bookshelf.properties
[21:23:38] [Worker-Main-9/INFO]: [OptiFine] ConnectedTextures: optifine/ctm/default/40_sandstone/sandstone.properties
[21:23:38] [Worker-Main-9/INFO]: [OptiFine] ConnectedTextures: optifine/ctm/default/41_red_sandstone/red_sandstone.properties
[21:23:38] [Worker-Main-9/INFO]: [OptiFine] Multipass connected textures: false
[21:23:38] [Worker-Main-9/INFO]: [OptiFine] BetterGrass: Parsing default configuration optifine/bettergrass.properties
[21:23:44] [Worker-Main-9/INFO]: [OptiFine] Mipmap levels: 4
[21:23:46] [Worker-Main-9/INFO]: [OptiFine] Multitexture: false
[21:23:46] [Worker-Main-9/INFO]: [OptiFine] Sprite size: 64
[21:23:46] [Worker-Main-9/INFO]: [OptiFine] Mipmap levels: 6
[21:23:46] [Worker-Main-9/INFO]: [OptiFine] Multitexture: false
[21:23:47] [Worker-Main-9/INFO]: [OptiFine] Sprite size: 64
[21:23:47] [Worker-Main-9/INFO]: [OptiFine] Mipmap levels: 6
[21:23:47] [Worker-Main-9/INFO]: [OptiFine] Multitexture: false
[21:23:47] [Worker-Main-9/INFO]: [OptiFine] Sprite size: 64
[21:23:47] [Worker-Main-9/INFO]: [OptiFine] Mipmap levels: 6
[21:23:47] [Worker-Main-9/INFO]: [OptiFine] Multitexture: false
[21:23:47] [Worker-Main-9/INFO]: [OptiFine] Sprite size: 64
[21:23:47] [Worker-Main-9/INFO]: [OptiFine] Mipmap levels: 6
[21:23:47] [Worker-Main-9/INFO]: [OptiFine] Multitexture: false
[21:23:47] [Worker-Main-9/INFO]: [OptiFine] Sprite size: 64
[21:23:47] [Worker-Main-9/INFO]: [OptiFine] Mipmap levels: 6
[21:23:47] [Worker-Main-9/INFO]: [OptiFine] Multitexture: false
[21:23:48] [Worker-Main-9/INFO]: [OptiFine] Sprite size: 64
[21:23:48] [Worker-Main-9/INFO]: [OptiFine] Mipmap levels: 6
[21:23:48] [main/INFO]: [STDERR]: [LWJGL] [ERROR] Incompatible Java and native library versions detected.
Possible reasons:
	a) -Djava.library.path is set to a folder containing shared libraries of an older LWJGL version.
	b) The classpath contains jar files of an older LWJGL version.
Possible solutions:
	a) Make sure to not set -Djava.library.path (it is not needed for developing with LWJGL 3) or make
	   sure the folder it points to contains the shared libraries of the correct LWJGL version.
	b) Check the classpath and make sure to only have jar files of the same LWJGL version in it.
[21:23:49] [main/INFO]: OpenAL initialized.
[21:23:49] [main/INFO]: Sound engine started
[21:23:49] [main/INFO]: Created: 1024x512x4 minecraft:textures/atlas/blocks.png-atlas
[21:23:53] [main/INFO]: [OptiFine] Animated sprites: 43
[21:23:53] [main/INFO]: Created: 256x128x4 minecraft:textures/atlas/signs.png-atlas
[21:23:53] [main/INFO]: [OptiFine] Animated sprites: 0
[21:23:53] [main/INFO]: Created: 512x512x4 minecraft:textures/atlas/banner_patterns.png-atlas
[21:23:53] [main/INFO]: [OptiFine] Animated sprites: 0
[21:23:53] [main/INFO]: Created: 512x512x4 minecraft:textures/atlas/shield_patterns.png-atlas
[21:23:54] [main/INFO]: [OptiFine] Animated sprites: 0
[21:23:54] [main/INFO]: Created: 256x256x4 minecraft:textures/atlas/chest.png-atlas
[21:23:54] [main/INFO]: [OptiFine] Animated sprites: 0
[21:23:54] [main/INFO]: Created: 512x256x4 minecraft:textures/atlas/beds.png-atlas
[21:23:54] [main/INFO]: [OptiFine] Animated sprites: 0
[21:23:54] [main/INFO]: Created: 512x256x4 minecraft:textures/atlas/shulker_boxes.png-atlas
[21:23:54] [main/INFO]: [OptiFine] Animated sprites: 0
[21:23:56] [main/INFO]: Created: 256x256x0 minecraft:textures/atlas/particles.png-atlas
[21:23:57] [main/INFO]: [OptiFine] Animated sprites: 0
[21:23:57] [main/INFO]: Created: 256x256x0 minecraft:textures/atlas/paintings.png-atlas
[21:23:57] [main/INFO]: [OptiFine] Animated sprites: 0
[21:23:57] [main/INFO]: Created: 128x128x0 minecraft:textures/atlas/mob_effects.png-atlas
[21:23:57] [main/INFO]: [OptiFine] Animated sprites: 0
[21:23:57] [main/INFO]: [OptiFine] *** Reloading custom textures ***
[21:24:04] [main/INFO]: [OptiFine] Disable Forge light pipeline
[21:24:14] [main/INFO]: Stopping!
